# JRE version: Java(TM) SE Runtime Environment (8.0_121-b13) (build 1.8.0_121-b13)
# Java VM: Java HotSpot(TM) 64-Bit Server VM (25.121-b13 mixed mode windows-amd64 compressed oops)
Heap:
 PSYoungGen      total 370176K, used 370146K [0x00000000e0000000, 0x0000000100000000, 0x0000000100000000)
  eden space 287744K, 100% used [0x00000000e0000000,0x00000000f1900000,0x00000000f1900000)
  from space 82432K, 99% used [0x00000000faf80000,0x00000000ffff8948,0x0000000100000000)
  to   space 118272K, 92% used [0x00000000f1900000,0x00000000f8383638,0x00000000f8c80000)
 ParOldGen       total 328192K, used 154308K [0x00000000a0000000, 0x00000000b4080000, 0x00000000e0000000)
  object space 328192K, 47% used [0x00000000a0000000,0x00000000a96b1328,0x00000000b4080000)
 Metaspace       used 80313K, capacity 84304K, committed 85504K, reserved 1124352K
  class space    used 10182K, capacity 10837K, committed 11264K, reserved 1048576K
GC Heap History (10 events):
Event: 5234.862 GC heap after
Heap after GC invocations=147 (full 23):
 PSYoungGen      total 456704K, used 37423K [0x00000000e0000000, 0x0000000100000000, 0x0000000100000000)
  eden space 413696K, 0% used [0x00000000e0000000,0x00000000e0000000,0x00000000f9400000)
  from space 43008K, 87% used [0x00000000fd600000,0x00000000ffa8bde0,0x0000000100000000)
  to   space 55296K, 0% used [0x00000000f9400000,0x00000000f9400000,0x00000000fca00000)
 ParOldGen       total 328192K, used 83243K [0x00000000a0000000, 0x00000000b4080000, 0x00000000e0000000)
  object space 328192K, 25% used [0x00000000a0000000,0x00000000a514ac18,0x00000000b4080000)
 Metaspace       used 80311K, capacity 84304K, committed 85504K, reserved 1124352K
  class space    used 10182K, capacity 10837K, committed 11264K, reserved 1048576K
}
Event: 5241.414 GC heap before
{Heap before GC invocations=148 (full 23):
 PSYoungGen      total 456704K, used 451119K [0x00000000e0000000, 0x0000000100000000, 0x0000000100000000)
  eden space 413696K, 100% used [0x00000000e0000000,0x00000000f9400000,0x00000000f9400000)
  from space 43008K, 87% used [0x00000000fd600000,0x00000000ffa8bde0,0x0000000100000000)
  to   space 55296K, 0% used [0x00000000f9400000,0x00000000f9400000,0x00000000fca00000)
 ParOldGen       total 328192K, used 83243K [0x00000000a0000000, 0x00000000b4080000, 0x00000000e0000000)
  object space 328192K, 25% used [0x00000000a0000000,0x00000000a514ac18,0x00000000b4080000)
 Metaspace       used 80313K, capacity 84304K, committed 85504K, reserved 1124352K
  class space    used 10182K, capacity 10837K, committed 11264K, reserved 1048576K
Event: 5242.745 GC heap after
Heap after GC invocations=148 (full 23):
 PSYoungGen      total 468992K, used 55277K [0x00000000e0000000, 0x0000000100000000, 0x0000000100000000)
  eden space 413696K, 0% used [0x00000000e0000000,0x00000000e0000000,0x00000000f9400000)
  from space 55296K, 99% used [0x00000000f9400000,0x00000000fc9fb790,0x00000000fca00000)
  to   space 55296K, 0% used [0x00000000fca00000,0x00000000fca00000,0x0000000100000000)
 ParOldGen       total 328192K, used 85500K [0x00000000a0000000, 0x00000000b4080000, 0x00000000e0000000)
  object space 328192K, 26% used [0x00000000a0000000,0x00000000a537f030,0x00000000b4080000)
 Metaspace       used 80313K, capacity 84304K, committed 85504K, reserved 1124352K
  class space    used 10182K, capacity 10837K, committed 11264K, reserved 1048576K
}
Event: 5246.332 GC heap before
{Heap before GC invocations=149 (full 23):
 PSYoungGen      total 468992K, used 468973K [0x00000000e0000000, 0x0000000100000000, 0x0000000100000000)
  eden space 413696K, 100% used [0x00000000e0000000,0x00000000f9400000,0x00000000f9400000)
  from space 55296K, 99% used [0x00000000f9400000,0x00000000fc9fb790,0x00000000fca00000)
  to   space 55296K, 0% used [0x00000000fca00000,0x00000000fca00000,0x0000000100000000)
 ParOldGen       total 328192K, used 85500K [0x00000000a0000000, 0x00000000b4080000, 0x00000000e0000000)
  object space 328192K, 26% used [0x00000000a0000000,0x00000000a537f030,0x00000000b4080000)
 Metaspace       used 80313K, capacity 84304K, committed 85504K, reserved 1124352K
  class space    used 10182K, capacity 10837K, committed 11264K, reserved 1048576K
Event: 5250.745 GC heap after
Heap after GC invocations=149 (full 23):
 PSYoungGen      total 421888K, used 55284K [0x00000000e0000000, 0x0000000100000000, 0x0000000100000000)
  eden space 366592K, 0% used [0x00000000e0000000,0x00000000e0000000,0x00000000f6600000)
  from space 55296K, 99% used [0x00000000fca00000,0x00000000ffffd3e0,0x0000000100000000)
  to   space 78848K, 0% used [0x00000000f6600000,0x00000000f6600000,0x00000000fb300000)
 ParOldGen       total 328192K, used 104046K [0x00000000a0000000, 0x00000000b4080000, 0x00000000e0000000)
  object space 328192K, 31% used [0x00000000a0000000,0x00000000a659b950,0x00000000b4080000)
 Metaspace       used 80313K, capacity 84304K, committed 85504K, reserved 1124352K
  class space    used 10182K, capacity 10837K, committed 11264K, reserved 1048576K
}
Event: 5256.206 GC heap before
{Heap before GC invocations=150 (full 23):
 PSYoungGen      total 421888K, used 421876K [0x00000000e0000000, 0x0000000100000000, 0x0000000100000000)
  eden space 366592K, 100% used [0x00000000e0000000,0x00000000f6600000,0x00000000f6600000)
  from space 55296K, 99% used [0x00000000fca00000,0x00000000ffffd3e0,0x0000000100000000)
  to   space 78848K, 0% used [0x00000000f6600000,0x00000000f6600000,0x00000000fb300000)
 ParOldGen       total 328192K, used 104046K [0x00000000a0000000, 0x00000000b4080000, 0x00000000e0000000)
  object space 328192K, 31% used [0x00000000a0000000,0x00000000a659b950,0x00000000b4080000)
 Metaspace       used 80313K, capacity 84304K, committed 85504K, reserved 1124352K
  class space    used 10182K, capacity 10837K, committed 11264K, reserved 1048576K
Event: 5262.208 GC heap after
Heap after GC invocations=150 (full 23):
 PSYoungGen      total 441856K, used 75018K [0x00000000e0000000, 0x0000000100000000, 0x0000000100000000)
  eden space 366592K, 0% used [0x00000000e0000000,0x00000000e0000000,0x00000000f6600000)
  from space 75264K, 99% used [0x00000000f6600000,0x00000000faf42ad8,0x00000000faf80000)
  to   space 82432K, 0% used [0x00000000faf80000,0x00000000faf80000,0x0000000100000000)
 ParOldGen       total 328192K, used 107559K [0x00000000a0000000, 0x00000000b4080000, 0x00000000e0000000)
  object space 328192K, 32% used [0x00000000a0000000,0x00000000a6909da0,0x00000000b4080000)
 Metaspace       used 80313K, capacity 84304K, committed 85504K, reserved 1124352K
  class space    used 10182K, capacity 10837K, committed 11264K, reserved 1048576K
}
Event: 5264.613 GC heap before
{Heap before GC invocations=151 (full 23):
 PSYoungGen      total 441856K, used 441610K [0x00000000e0000000, 0x0000000100000000, 0x0000000100000000)
  eden space 366592K, 100% used [0x00000000e0000000,0x00000000f6600000,0x00000000f6600000)
  from space 75264K, 99% used [0x00000000f6600000,0x00000000faf42ad8,0x00000000faf80000)
  to   space 82432K, 0% used [0x00000000faf80000,0x00000000faf80000,0x0000000100000000)
 ParOldGen       total 328192K, used 107559K [0x00000000a0000000, 0x00000000b4080000, 0x00000000e0000000)
  object space 328192K, 32% used [0x00000000a0000000,0x00000000a6909da0,0x00000000b4080000)
 Metaspace       used 80313K, capacity 84304K, committed 85504K, reserved 1124352K
  class space    used 10182K, capacity 10837K, committed 11264K, reserved 1048576K
Event: 5313.235 GC heap after
Heap after GC invocations=151 (full 23):
 PSYoungGen      total 370176K, used 82402K [0x00000000e0000000, 0x0000000100000000, 0x0000000100000000)
  eden space 287744K, 0% used [0x00000000e0000000,0x00000000e0000000,0x00000000f1900000)
  from space 82432K, 99% used [0x00000000faf80000,0x00000000ffff8948,0x0000000100000000)
  to   space 118272K, 0% used [0x00000000f1900000,0x00000000f1900000,0x00000000f8c80000)
 ParOldGen       total 328192K, used 149797K [0x00000000a0000000, 0x00000000b4080000, 0x00000000e0000000)
  object space 328192K, 45% used [0x00000000a0000000,0x00000000a9249718,0x00000000b4080000)
 Metaspace       used 80313K, capacity 84304K, committed 85504K, reserved 1124352K
  class space    used 10182K, capacity 10837K, committed 11264K, reserved 1048576K
}
Event: 5314.223 GC heap before
{Heap before GC invocations=152 (full 23):
 PSYoungGen      total 370176K, used 370146K [0x00000000e0000000, 0x0000000100000000, 0x0000000100000000)
  eden space 287744K, 100% used [0x00000000e0000000,0x00000000f1900000,0x00000000f1900000)
  from space 82432K, 99% used [0x00000000faf80000,0x00000000ffff8948,0x0000000100000000)
  to   space 118272K, 0% used [0x00000000f1900000,0x00000000f1900000,0x00000000f8c80000)
 ParOldGen       total 328192K, used 149797K [0x00000000a0000000, 0x00000000b4080000, 0x00000000e0000000)
  object space 328192K, 45% used [0x00000000a0000000,0x00000000a9249718,0x00000000b4080000)
 Metaspace       used 80313K, capacity 84304K, committed 85504K, reserved 1124352K
  class space    used 10182K, capacity 10837K, committed 11264K, reserved 1048576K

